<?xml version="1.0" encoding="UTF-8"?>
<!-- Generated by org.testng.reporters.JUnitXMLReporter -->
<testsuite ignored="0" hostname="TT0035375-7" failures="0" tests="6" name="Test" time="83.67" errors="0" timestamp="2021-06-28T21:00:28 TRT">
  <testcase classname="insider.InsiderDemo.TestInsider" name="goUseInsider" time="20.001"/>
  <testcase classname="insider.InsiderDemo.TestInsider" name="goCareerPage" time="15.442"/>
  <testcase classname="insider.InsiderDemo.TestInsider" name="goCareerOpportunities" time="13.128"/>
  <testcase classname="insider.InsiderDemo.TestInsider" name="checkAllJobs" time="3.761"/>
  <testcase classname="insider.InsiderDemo.TestInsider" name="selectAPosition" time="10.378"/>
  <testcase classname="insider.InsiderDemo.TestInsider" name="applyJob" time="4.725"/>
</testsuite> <!-- Test -->
